[2026-03-27T08:01:40.222Z] GET https://eaglercraft.com/play/?version=1.8.8 → pending (?ms, ?B)
[2026-03-27T08:01:40.968Z] GET https://eaglercraft.com/_next/static/media/e4af272ccee01ff0-s.p.woff2 → 200 (261ms, 48432B)
[2026-03-27T08:01:40.968Z] GET https://eaglercraft.com/_next/static/chunks/webpack-22a306c5cfa2ec9f.js → 200 (324ms, 5246B)
[2026-03-27T08:01:40.968Z] GET https://eaglercraft.com/_next/static/chunks/52774a7f-a018d2874c41ece7.js → pending (?ms, ?B)
[2026-03-27T08:01:40.968Z] GET https://eaglercraft.com/_next/static/chunks/4bd1b696-5745bacea2b16911.js → pending (?ms, ?B)
[2026-03-27T08:01:40.968Z] GET https://eaglercraft.com/_next/static/chunks/38-547dd4c2e9caf5ed.js → pending (?ms, ?B)
[2026-03-27T08:01:40.968Z] GET https://eaglercraft.com/_next/static/chunks/main-app-a6d0342f5777471a.js → pending (?ms, ?B)
[2026-03-27T08:01:40.968Z] GET https://eaglercraft.com/_next/static/chunks/app/global-error-0940aceda7044fef.js → pending (?ms, ?B)
[2026-03-27T08:01:40.968Z] GET https://eaglercraft.com/_next/static/chunks/app/layout-6dc25b8a01e828b7.js → pending (?ms, ?B)
[2026-03-27T08:01:40.968Z] GET https://eaglercraft.com/_next/static/chunks/0-04593524e9365e03.js → pending (?ms, ?B)
[2026-03-27T08:01:40.969Z] GET https://eaglercraft.com/_next/static/chunks/app/(main)/layout-d686660729e692cf.js → pending (?ms, ?B)
[2026-03-27T08:01:40.969Z] GET https://eaglercraft.com/_next/static/chunks/356-cf5644d3e4b5c74a.js → pending (?ms, ?B)
[2026-03-27T08:01:40.969Z] GET https://eaglercraft.com/_next/static/chunks/app/not-found-94a5b83486740c16.js → pending (?ms, ?B)
[2026-03-27T08:01:40.969Z] GET https://eaglercraft.com/_next/static/chunks/app/(main)/page-00344d39d6ad74be.js → pending (?ms, ?B)
[2026-03-27T08:01:40.969Z] GET https://eaglercraft.com/_next/static/chunks/370-620325a3dcb3c558.js → pending (?ms, ?B)
[2026-03-27T08:01:40.969Z] GET https://eaglercraft.com/_next/static/chunks/app/(main)/play/page-21767e49a7405fac.js → pending (?ms, ?B)
[2026-03-27T08:01:40.969Z] GET https://www.googletagmanager.com/gtag/js?id=G-64TQKQ7TWQ → 200 (350ms, 465707B)
[2026-03-27T08:01:40.970Z] GET https://cdn.intergient.com/1025536/75830/ramp.js → 200 (177ms, 81709B)
[2026-03-27T08:01:40.970Z] GET https://cdn.intergient.com/ramp_core.js → 200 (163ms, 3200B)
[2026-03-27T08:01:40.970Z] GET https://cdn.intergi.com/prebid/prebid.js.br → 200 (118ms, 624076B)
[2026-03-27T08:01:41.052Z] GET https://eaglercraft.com/img/stone.png → pending (?ms, ?B)
[2026-03-27T08:01:41.052Z] GET https://eaglercraft.com/img/dirt.png → pending (?ms, ?B)
[2026-03-27T08:01:41.052Z] GET https://eaglercraft.com/img/minecraft.webp → pending (?ms, ?B)
[2026-03-27T08:01:41.083Z] GET https://eaglercraft.com/img/controls.svg → pending (?ms, ?B)
[2026-03-27T08:01:43.127Z] GET blob:https://eaglercraft.com/67b01997-5e2c-42e3-9b35-084fd05fabf7 → 200 (34ms, 10329B)
[2026-03-27T08:01:43.152Z] POST https://o4510030340161536.ingest.us.sentry.io/api/4510030341406720/envelope/?sentry_version=7&sentry_key=8a0e2c4f7bed17dd6624f93c305bf777&sentry_client=sentry.javascript.nextjs%2F10.28.0 → 200 (161ms, ?B)
[2026-03-27T08:01:43.371Z] GET https://eaglercraft.com/feature-flags.json?_=1774598503366 → pending (?ms, ?B)
[2026-03-27T08:01:43.371Z] POST https://eaglercraft-counter.eaglercraft-99f.workers.dev/api/player-count → pending (?ms, ?B)
[2026-03-27T08:01:43.378Z] GET https://eaglercraft.com/img/dirt_back.png → pending (?ms, ?B)
[2026-03-27T08:01:43.380Z] GET https://eaglercraft.com/index.txt?_rsc=asy15 → pending (?ms, ?B)
[2026-03-27T08:01:43.380Z] GET https://eaglercraft.com/p/news/index.txt?_rsc=asy15 → pending (?ms, ?B)
[2026-03-27T08:01:43.380Z] GET https://eaglercraft.com/p/community/index.txt?_rsc=asy15 → pending (?ms, ?B)
[2026-03-27T08:01:43.380Z] GET https://eaglercraft.com/p/downloads/index.txt?_rsc=asy15 → pending (?ms, ?B)
[2026-03-27T08:01:43.398Z] POST https://www.google-analytics.com/g/collect?v=2&tid=G-64TQKQ7TWQ&gtm=45je63q0h2v9166114680za200zd9166114680&_p=1774598503368&gcd=13l3l3l3l1l1&npa=0&dma=0&cid=533994883.1774598503&ul=en-us&sr=1280x720&uaa=arm&uab=64&uafvl=Not%253AA-Brand%3B99.0.0.0%7CHeadlessChrome%3B145.0.7632.6%7CChromium%3B145.0.7632.6&uamb=0&uam=&uap=macOS&uapv=26.3.1&uaw=0&are=1&frm=0&pscdl=noapi&_s=1&tag_exp=0~115938466~115938469~116133312~117484252&sid=1774598503&sct=1&seg=0&dl=https%3A%2F%2Feaglercraft.com%2Fplay%2F%3Fversion%3D1.8.8&dt=Eaglercraft&en=page_view&_fv=1&_nsi=1&_ss=1&_ee=1&tfd=3176 → 204 (230ms, ?B)
[2026-03-27T08:01:44.620Z] GET https://eaglercraft-geo-worker.eaglercraft-99f.workers.dev/ → 200 (271ms, 73B)
[2026-03-27T08:01:44.621Z] GET https://translate.google.com/translate_a/element.js?cb=googleTranslateElementInit → 200 (606ms, 80696B)
[2026-03-27T08:01:44.621Z] GET https://cmp.setupcmp.com/cmp/cmp-stub.js → 404 (429ms, ?B)
[2026-03-27T08:01:44.621Z] GET https://cmp.setupcmp.com/cmp/cmp-v1.js → 404 (417ms, ?B)
[2026-03-27T08:01:44.897Z] GET https://securepubads.g.doubleclick.net/tag/js/gpt.js → 200 (275ms, 110672B)
[2026-03-27T08:01:44.897Z] GET https://cdn.intergient.com/prebid/prebid.335dd724b9406dcd9e2b.js → 200 (221ms, 760290B)
[2026-03-27T08:01:44.903Z] GET https://cdn.intergient.com/pageos/V.2.5.118/pageos.js → 200 (157ms, 405B)
[2026-03-27T08:01:45.028Z] GET https://eaglercraft.com/_next/static/chunks/app/(main)/p/news/page-93addfac2ce8bd6b.js → 200 (218ms, 1116B)
[2026-03-27T08:01:45.060Z] GET https://cdn.intergient.com/pageos/V.2.5.118/runtime.c3346cf12964ff472154.js → 200 (107ms, 3503B)
[2026-03-27T08:01:45.060Z] GET https://cdn.intergient.com/pageos/V.2.5.118/main.adeb40d3bfe9772dde39.js → 200 (126ms, 542984B)
[2026-03-27T08:01:45.183Z] GET https://securepubads.g.doubleclick.net/pagead/managed/js/gpt/m202603190101/pubads_impl.js?cb=31097370 → 200 (137ms, 592690B)
[2026-03-27T08:01:45.186Z] GET https://securepubads.g.doubleclick.net/pagead/managed/dict/m202603260101/gpt → 200 (86ms, 64649B)
[2026-03-27T08:01:45.208Z] GET https://cdn.intergient.com/pageos/V.2.5.118/videoCard.cea8a6bd8cad3ad73428.js → 200 (25ms, 552B)
[2026-03-27T08:01:45.208Z] GET https://cdn.intergient.com/pageos/V.2.5.118/iframe/iframe.html → 200 (25ms, 500B)
[2026-03-27T08:01:45.208Z] GET https://config.playwire.com/1025536/v2/websites/77012/styles.css → 200 (135ms, 1205B)
[2026-03-27T08:01:45.209Z] GET https://cdn.intergient.com/pageos/V.2.5.118/iframe/iframe.html → 200 (23ms, 500B)
[2026-03-27T08:01:45.223Z] GET https://impression-inferences-edge-prod.playwire.com/websites/75830/v1/Fri/4/desktop/Chrome/Other → 200 (145ms, 1097B)
[2026-03-27T08:01:45.223Z] GET https://btloader.com/tag?o=5150306120761344&upapi=true → pending (?ms, ?B)
[2026-03-27T08:01:45.224Z] GET https://c.amazon-adsystem.com/aax2/apstag.js → pending (?ms, ?B)
[2026-03-27T08:01:45.224Z] GET https://raw.githubusercontent.com/easylist/easylist/master/docs/1x1.gif → pending (?ms, ?B)
[2026-03-27T08:01:45.224Z] GET https://tags.crwdcntrl.net/lt/c/17138/sync.min.js → pending (?ms, ?B)
[2026-03-27T08:01:45.229Z] GET https://www.gstatic.com/_/translate_http/_/ss/k=translate_http.tr.2f3WBw8L4SI.L.W.O/am=AAAO/d=0/rs=AN8SPfqEMEisTZAmeZOnTrf_mfOPDE49Nw/m=el_main_css → 200 (133ms, 22386B)
[2026-03-27T08:01:45.229Z] GET https://translate.googleapis.com/_/translate_http/_/js/k=translate_http.tr.en_GB.LtNM7sX1iVk.O/am=AABA/d=1/exm=el_conf/ed=1/rs=AN8SPfpOQi3ZLQejH5hFYZajAtoashEi4Q/m=el_main → pending (?ms, ?B)
[2026-03-27T08:01:45.235Z] GET https://cdn.intergient.com/pageos/V.2.5.118/iframe/iframe.js → 200 (28ms, 17441B)
[2026-03-27T08:01:45.236Z] GET https://cdn.intergient.com/pageos/V.2.5.118/iframe/iframe.js → 200 (26ms, 17441B)
[2026-03-27T08:01:45.266Z] GET blob:https://eaglercraft.com/14e10c77-3f5c-49ce-8fdc-dc99d372b9a2 → 200 (6ms, 3924B)
[2026-03-27T08:01:45.270Z] GET https://config.playwire.com/audience_segments/config.json → 200 (105ms, ?B)
[2026-03-27T08:01:45.270Z] GET https://cdn.intergient.com/pageos/V.2.5.118/474.54ec3c969d5dcf548468.js → pending (?ms, ?B)
[2026-03-27T08:01:45.270Z] GET https://carbon-cdn.ccgateway.net/script?id=eaglercraft.com&parentId=5bb3e20859 → pending (?ms, ?B)
[2026-03-27T08:01:45.271Z] GET https://imasdk.googleapis.com/js/sdkloader/ima3.js → pending (?ms, ?B)
[2026-03-27T08:01:45.271Z] GET https://client-ml.intergient.com/v2/websites/75830/model/script.js → pending (?ms, ?B)
[2026-03-27T08:01:45.271Z] GET https://ps.eyeota.net/pixel?pid=m51mh00&t=ajs&uid=user_d5c42446-b2dd-4eae-be2e-76c0cd734613_1774598505263 → pending (?ms, ?B)
[2026-03-27T08:01:45.332Z] GET https://fundingchoicesmessages.google.com/i/154013155?ers=3 → pending (?ms, ?B)
[2026-03-27T08:01:45.465Z] POST https://id5-sync.com/api/config/prebid → 200 (545ms, 194B)
[2026-03-27T08:01:45.465Z] GET https://id.crwdcntrl.net/id?c=17262 → 200 (253ms, 75B)
[2026-03-27T08:01:45.465Z] GET https://fid.agkn.com/f?apiKey=2104320612&r=https%3A%2F%2Feaglercraft.com%2Fplay%2F%3Fversion%3D1.8.8 → 200 (894ms, ?B)
[2026-03-27T08:01:45.465Z] GET https://lexicon.33across.com/v1/envelope?pid=0014000001YrMoYAAV&gdpr=0&src=pbjs&ver=10.23.0&coppa=0 → 200 (889ms, 49B)
[2026-03-27T08:01:45.465Z] GET https://idx.liadm.com/idex/did-0046/any?duid=77cc011500b3--01kmq50gzm3kst6vgz9z2w701m&did=did-0046&cd=.eaglercraft.com&pu=https%3A%2F%2Feaglercraft.com&resolve=nonId&resolve=uid2&resolve=index&resolve=bidswitch&resolve=pubmatic&resolve=magnite&resolve=openx&resolve=sorvrn&resolve=thetradedesk&resolve=medianet&resolve=vidazoo&resolve=sonobi&resolve=sharethrough&resolve=triplelift → 204 (799ms, ?B)
[2026-03-27T08:01:45.465Z] GET https://gum.criteo.com/sid/json?origin=prebid&topUrl=https%3A%2F%2Feaglercraft.com%2F&domain=eaglercraft.com&cw=1&lsw=1 → pending (?ms, ?B)
[2026-03-27T08:01:45.496Z] GET https://ad-delivery.net/px.gif?ch=2&e=0.33271062743849655 → 200 (97ms, 43B)
[2026-03-27T08:01:45.496Z] GET https://ad.doubleclick.net/favicon.ico?ad=300x250&ad_box_=1&adnet=1&showad=1&size=250x250&e=0.6555720587507387 → 200 (235ms, 1078B)
[2026-03-27T08:01:45.496Z] GET https://ad-delivery.net/px.gif?ch=1&e=0.08115288527867537 → 200 (97ms, 43B)
[2026-03-27T08:01:45.496Z] GET https://ab.dns-finder.com/meta/dns → 200 (417ms, 2B)
[2026-03-27T08:01:45.496Z] GET https://btloader.com/trustedIframe.html?o=5150306120761344&upapi=true → 200 (16ms, 6120B)
[2026-03-27T08:01:45.521Z] GET https://c.amazon-adsystem.com/bao-csm/aps-comm/aps_csm.js → 200 (47ms, 6482B)
[2026-03-27T08:01:45.521Z] GET https://config.aps.amazon-adsystem.com/configs/bd056b42-51db-43ce-9a8e-3b11319b5d1f → 200 (129ms, 639B)
[2026-03-27T08:01:45.521Z] GET https://c.amazon-adsystem.com/cdn/prod/config?src=600&u=https%3A%2F%2Feaglercraft.com&pubid=bd056b42-51db-43ce-9a8e-3b11319b5d1f → 200 (14ms, 3077B)
[2026-03-27T08:01:45.531Z] POST https://bcp.crwdcntrl.net/6/map?xcid=17138 → 200 (323ms, 115B)
[2026-03-27T08:01:45.532Z] POST https://api.btloader.com/exd?tid=wRsm4MomuE-27uxfEJL-9d2e504413&sid=AreE44gq-PfjIARAkzY-9d2e504413&cv=2.1.184-3-g2982370&upapi=true → 204 (471ms, ?B)
[2026-03-27T08:01:45.535Z] GET https://secure.cdn.fastclick.net/js/pubcid/latest/pubcid.min.js → 200 (198ms, 68276B)
[2026-03-27T08:01:45.535Z] GET https://tags.crwdcntrl.net/lt/c/16576/sync.min.js → 200 (20ms, 44605B)
[2026-03-27T08:01:45.535Z] GET https://cdn.hadronid.net/hadron.js?url=https%3A%2F%2Feaglercraft.com%2Fplay%2F%3Fversion%3D1.8.8&ref=&_it=amazon&partner_id=403 → 200 (134ms, 11B)
[2026-03-27T08:01:45.535Z] GET https://cdn.id5-sync.com/api/1.0/id5-api.js → 200 (133ms, 120304B)
[2026-03-27T08:01:45.556Z] POST https://bcp.crwdcntrl.net/6/map?xcid=16576 → 200 (239ms, 156B)
[2026-03-27T08:01:45.589Z] GET https://www.gstatic.com/images/branding/product/2x/translate_24dp.png → 200 (39ms, 1842B)
[2026-03-27T08:01:45.589Z] GET https://fonts.gstatic.com/s/i/productlogos/translate/v14/24px.svg → 200 (144ms, 6225B)
[2026-03-27T08:01:45.589Z] GET https://www.gstatic.com/images/branding/googlelogo/1x/googlelogo_color_42x16dp.png → 200 (39ms, 910B)
[2026-03-27T08:01:45.593Z] POST https://cd836371f1d.cdn.intergient.com/fb87a4ea41 → 200 (516ms, ?B)
[2026-03-27T08:01:45.597Z] GET https://translate-pa.googleapis.com/v1/supportedLanguages?client=te&display_language=en-GB&key=AIzaSyBWDj0QJvVIx8XOhRegXX5_SrRWxhT5Hs4&callback=callback → 200 (169ms, 31256B)
[2026-03-27T08:01:45.672Z] GET https://api.id5-sync.com/analytics/483/id5-api-js → 200 (503ms, 1504B)
[2026-03-27T08:01:45.741Z] GET https://ps.eyeota.net/pixel/bounce/?pid=m51mh00&t=ajs&uid=user_d5c42446-b2dd-4eae-be2e-76c0cd734613_1774598505263 → 200 (55ms, 1286B)
[2026-03-27T08:01:45.777Z] GET https://eaglercraft.com/img/dirt.webp → 200 (166ms, 416B)
[2026-03-27T08:01:45.796Z] GET https://ad-delivery.net/px.gif?ch=1&e=0.8316670001041879 → 200 (36ms, 43B)
[2026-03-27T08:01:45.796Z] GET https://cm.g.doubleclick.net/pixel?google_nid=eye&google_cm&google_sc&google_hm=MkNzeWNaMnRaZlJPYi1OVVlqd1VlRGlyZUpvUEtveHFtMWVOVGtjSVJCU3c&gdpr=0&gdpr_consent=&uid=1&bid=gdo9o51&newuser=1&referrer_pid=m51mh00 → 302 (296ms, ?B)
[2026-03-27T08:01:45.796Z] GET https://match.adsrvr.org/track/cmf/generic?ttd_pid=eyeota&ttd_tpi=1&gdpr=0&gdpr_consent= → 302 (188ms, ?B)
[2026-03-27T08:01:45.796Z] GET https://sync.crwdcntrl.net/qmap?c=6387&gdpr=0&gdpr_consent=&lac=y → 200 (116ms, 49B)
[2026-03-27T08:01:45.796Z] GET https://sync-tm.everesttech.net/upi/pid/lons7jax?redir=https%3A%2F%2Fps.eyeota.net%2Fmatch%3Fuid%3D%24%7BTM_USER_ID%7D%26bid%3D0rijhbu%26referrer_pid%3Dm51mh00 → 302 (468ms, ?B)
[2026-03-27T08:01:45.796Z] GET https://dpm.demdex.net/ibs:dpid=30064&dpuuid=19d2e50450c-148d0000010842ed&redir=https%3A%2F%2Fps.eyeota.net%2Fmatch%3Fbid%3D6j5b2cv%26uid%3D%24%7BDD_UUID%7D%26referrer_pid%3Dm51mh00 → pending (?ms, ?B)
[2026-03-27T08:01:45.821Z] POST https://fundingchoicesmessages.google.com/el/AGSKWxXhstRnz8MP8WX93tmCNudHADFcHrp2jNXG2Da6GGB2NWxttV_mFZRKizPzjWAB097dAQheIt_l2vXyjjDErznNGlDQeJoWQxbV4V02jIUn3TKpZ6F-kKYzIVAidKy-H1--sw9-1A== → 204 (169ms, ?B)
[2026-03-27T08:01:45.822Z] POST https://fundingchoicesmessages.google.com/el/AGSKWxXhstRnz8MP8WX93tmCNudHADFcHrp2jNXG2Da6GGB2NWxttV_mFZRKizPzjWAB097dAQheIt_l2vXyjjDErznNGlDQeJoWQxbV4V02jIUn3TKpZ6F-kKYzIVAidKy-H1--sw9-1A== → 204 (166ms, ?B)
[2026-03-27T08:01:45.823Z] POST https://fundingchoicesmessages.google.com/el/AGSKWxXhstRnz8MP8WX93tmCNudHADFcHrp2jNXG2Da6GGB2NWxttV_mFZRKizPzjWAB097dAQheIt_l2vXyjjDErznNGlDQeJoWQxbV4V02jIUn3TKpZ6F-kKYzIVAidKy-H1--sw9-1A== → 204 (165ms, ?B)
[2026-03-27T08:01:45.828Z] GET https://fundingchoicesmessages.google.com/f/AGSKWxWg5F2N8GGwFITx6Nyp5gKmBVztPUEsxSCyVCRc4pRMFC984v14bO87Gn1APtAyhsxRHYIHi7stnmZucfRoozTHSN-6AUhwpH4CO-OXI45xioAoyfb0JO9DXDJk1pjPrn0p7tFMgQ==?fccs=W251bGwsbnVsbCxudWxsLG51bGwsbnVsbCxudWxsLFsxNzc0NTk4NTA1LDgyNjAwMDAwMF0sbnVsbCxudWxsLG51bGwsW251bGwsWzddXSwiaHR0cHM6Ly9lYWdsZXJjcmFmdC5jb20vcGxheS8iLG51bGwsW1s4LCJGOE12eFhXS1QySSJdLFs5LCJlbi1VUyJdLFsxOCwiW1tbbnVsbCw1MTEyXV1dIl0sWzE5LCIyIl0sWzE3LCJbMF0iXSxbMjQsIiJdLFsyOSwiZmFsc2UiXV1d → 200 (141ms, 2164B)
[2026-03-27T08:01:45.829Z] GET https://cm.g.doubleclick.net/partnerpixels?gdpr=0&url=https%3A%2F%2Feaglercraft.com%2Fplay%2F%3Fversion%3D1.8.8 → 200 (262ms, 41B)
[2026-03-27T08:01:45.830Z] GET https://connectid.analytics.yahoo.com/connectId-gpt.js → 200 (145ms, 8729B)
[2026-03-27T08:01:45.830Z] GET https://oa.openxcdn.net/esp.js → 200 (174ms, 24615B)
[2026-03-27T08:01:45.830Z] GET https://invstatic101.creativecdn.com/encrypted-signals/encrypted-tag-g.js → 200 (534ms, 2729B)
[2026-03-27T08:01:45.830Z] GET https://static.criteo.net/js/ld/publishertag.ids.js → 200 (345ms, 42620B)
[2026-03-27T08:01:45.969Z] GET https://rp.liadm.com/j?dtstmp=1774598505967&did=did-0046&se=e30&duid=77cc011500b3--01kmq50gzm3kst6vgz9z2w701m&tv=10.23.0&pu=https%3A%2F%2Feaglercraft.com%2Fplay%2F%3Fversion%3D1.8.8&wpn=prebid&cd=.eaglercraft.com → pending (?ms, ?B)
[2026-03-27T08:01:45.970Z] POST https://fundingchoicesmessages.google.com/el/AGSKWxVQ8fvosJEntcohAVk1AdI6bIAPDrelainLxRddZo4Ce8NKuA6bsNI_kSCj-wWlZmyVWy5oc3aetiRZYI7KJatlAucb3pgpLAAMyo-JTIVzK4ZthvDEjxTszbY4eX3rXuY0-QeSJw== → 204 (134ms, ?B)
[2026-03-27T08:01:45.970Z] GET https://fundingchoicesmessages.google.com/f/AGSKWxXqh2AAFDf1hx3r0aLt7e3H-OChJur69w-mhv-V6fHFmqClyTU6x97fqrSCyAh6tjIybt6jD4m999Lo0rVsq5FK9azYGsp9eec_-5h9n5269mJPoVm802SM3L8loIgxk0TtqvEQ-g==?fccs=W251bGwsbnVsbCxudWxsLG51bGwsbnVsbCxudWxsLFsxNzc0NTk4NTA1LDk2OTAwMDAwMF0sbnVsbCxudWxsLG51bGwsW251bGwsWzcsOV0sbnVsbCwyLG51bGwsImVuIl0sImh0dHBzOi8vZWFnbGVyY3JhZnQuY29tL3BsYXkvIixudWxsLFtbOCwiRjhNdnhYV0tUMkkiXSxbOSwiZW4tVVMiXSxbMTgsIltbW251bGwsNTExMl1dXSJdLFsxOSwiMiJdLFsxNywiWzBdIl0sWzI0LCIiXSxbMjksImZhbHNlIl1dXQ → 200 (205ms, 9700B)
[2026-03-27T08:01:45.984Z] GET https://match.adsrvr.org/track/cmb/generic?ttd_pid=eyeota&ttd_tpi=1&gdpr=0&gdpr_consent= → 302 (118ms, ?B)
[2026-03-27T08:01:45.994Z] GET https://ad-delivery.net/px.gif?ch=2&e=0.9973917419648975 → 200 (98ms, 43B)
[2026-03-27T08:01:46.011Z] GET https://lb.eu-1-id5-sync.com/lb/v1 → pending (?ms, ?B)
[2026-03-27T08:01:46.092Z] GET https://cm.g.doubleclick.net/pixel?google_nid=eye&google_cm=&google_sc=&google_hm=MkNzeWNaMnRaZlJPYi1OVVlqd1VlRGlyZUpvUEtveHFtMWVOVGtjSVJCU3c&gdpr=0&gdpr_consent=&uid=1&bid=gdo9o51&newuser=1&referrer_pid=m51mh00&google_tc= → 302 (96ms, ?B)
[2026-03-27T08:01:46.102Z] GET https://ps.eyeota.net/match?uid=23b7a75a-26c1-4a93-ae4a-8e17e744a147&bid=1e2n4ou → 200 (61ms, 70B)
[2026-03-27T08:01:46.133Z] GET https://ad.doubleclick.net/favicon.ico?ad=300x250&ad_box_=1&adnet=1&showad=1&size=250x250&e=0.34010057574787744 → 200 (106ms, 1078B)
[2026-03-27T08:01:46.174Z] GET https://id5-sync.com/bounce → 200 (159ms, 30B)
[2026-03-27T08:01:46.174Z] GET https://lbs.eu-1-id5-sync.com/lbs/v1 → pending (?ms, ?B)
[2026-03-27T08:01:46.174Z] GET https://lb.eu-1-id5-sync.com/lb/v1 → pending (?ms, ?B)
[2026-03-27T08:01:46.175Z] POST https://pagead2.googlesyndication.com/pagead/ping?e=1 → pending (?ms, ?B)
[2026-03-27T08:01:46.181Z] GET https://gumi.criteo.com/syncframe?origin=publishertagids&topUrl=eaglercraft.com&gdpr=0&gdpr_consent= → 200 (185ms, 1606B)
[2026-03-27T08:01:46.188Z] GET https://ps.eyeota.net/match?gdpr=0&gdpr_consent=&uid=1&bid=gdo9o51&newuser=1&referrer_pid=m51mh00&google_gid=CAESEDCYGFq2os_9RIH0-006ZNs&google_cver=1 → 200 (58ms, 70B)
[2026-03-27T08:01:46.264Z] GET https://sync-tm.everesttech.net/ct/upi/pid/lons7jax?redir=https%3A%2F%2Fps.eyeota.net%2Fmatch%3Fuid%3D%24%7BTM_USER_ID%7D%26bid%3D0rijhbu%26referrer_pid%3Dm51mh00&_test=acY5agAGZ23kOgAX → 200 (17ms, 85B)
[2026-03-27T08:01:46.367Z] POST https://esp.rtbhouse.com/encrypt → pending (?ms, ?B)
[2026-03-27T08:01:46.495Z] GET https://privacy-location-edge.ccgateway.net/privacy/location → pending (?ms, ?B)
[2026-03-27T08:01:46.495Z] GET https://pogo.ccgateway.net/v1/p/5bb3e20859/classification?url=https%3A%2F%2Feaglercraft.com%2Fplay%2F%3Fversion%3D1.8.8 → 200 (709ms, 62B)
[2026-03-27T08:01:46.595Z] POST https://id5-sync.com/g/v2/483.json → 200 (165ms, 1030B)
[2026-03-27T08:01:46.632Z] GET https://dpm.demdex.net/demconf.jpg?et:ibs%7cdata:dpid=30064&dpuuid=19d2e50450c-148d0000010842ed&redir=https%3A%2F%2Fps.eyeota.net%2Fmatch%3Fbid%3D6j5b2cv%26uid%3D%24%7BDD_UUID%7D%26referrer_pid%3Dm51mh00 → 302 (247ms, ?B)
[2026-03-27T08:01:46.743Z] GET https://rp.liadm.com/j?dtstmp=1774598505967&did=did-0046&se=e30&duid=77cc011500b3--01kmq50gzm3kst6vgz9z2w701m&tv=10.23.0&pu=https%3A%2F%2Feaglercraft.com%2Fplay%2F%3Fversion%3D1.8.8&wpn=prebid&cd=.eaglercraft.com&n3pc=true → 200 (242ms, 13B)
[2026-03-27T08:01:46.785Z] GET https://fundingchoicesmessages.google.com/f/AGSKWxX04XgxySECOLGDgi2Cs5Qq4GHeBfuQCmJVvXd-Mb2E7Q-O1jJGd1ufaLBBC-HUPhqI_MtQFqnOZGGq7nuiYxzDYnbQ3BhSmwCciFhlRPQw5-0AEj_Kb59CGrV_oQYgJTrkc0snvXBAIf2K7G8wnK_5k7tkrwDcKqTzIec2VBHQLHt7Rtg_BGF04qV-/__160x600.://adcl./bg_adv_?type=oas_pop&,160x600; → 200 (105ms, 54B)
[2026-03-27T08:01:46.785Z] GET https://pagead2.googlesyndication.com/pagead/js/google_top_exp.js?fcd=true → 200 (25ms, 47B)
[2026-03-27T08:01:46.785Z] POST https://fundingchoicesmessages.google.com/el/AGSKWxXhstRnz8MP8WX93tmCNudHADFcHrp2jNXG2Da6GGB2NWxttV_mFZRKizPzjWAB097dAQheIt_l2vXyjjDErznNGlDQeJoWQxbV4V02jIUn3TKpZ6F-kKYzIVAidKy-H1--sw9-1A== → 204 (212ms, ?B)
[2026-03-27T08:01:46.797Z] POST https://id5-sync.com/gm/v3 → 200 (168ms, 1774B)
[2026-03-27T08:01:46.811Z] POST https://fundingchoicesmessages.google.com/el/AGSKWxXhstRnz8MP8WX93tmCNudHADFcHrp2jNXG2Da6GGB2NWxttV_mFZRKizPzjWAB097dAQheIt_l2vXyjjDErznNGlDQeJoWQxbV4V02jIUn3TKpZ6F-kKYzIVAidKy-H1--sw9-1A== → 204 (69ms, ?B)
[2026-03-27T08:01:46.828Z] POST https://pagead2.googlesyndication.com/pagead/ping?e=1 → 204 (137ms, ?B)
[2026-03-27T08:01:46.843Z] GET https://ad-delivery.net/px.gif?ch=2&e=0.43797715626020295 → 200 (17ms, 43B)
[2026-03-27T08:01:46.843Z] GET https://ad.doubleclick.net/favicon.ico?ad=300x250&ad_box_=1&adnet=1&showad=1&size=250x250&e=0.8760450235205274 → 200 (93ms, 1078B)
[2026-03-27T08:01:46.843Z] GET https://ad-delivery.net/px.gif?ch=1&e=0.982327902756254 → 200 (18ms, 43B)
[2026-03-27T08:01:46.843Z] GET https://ab.dns-finder.com/meta/dns → 200 (?ms, 2B)
[2026-03-27T08:01:46.879Z] GET https://ps.eyeota.net/match?bid=6j5b2cv&uid=52055453669369649432915377950691796490&referrer_pid=m51mh00 → 200 (49ms, 70B)
[2026-03-27T08:01:46.892Z] POST https://fundingchoicesmessages.google.com/el/AGSKWxXhstRnz8MP8WX93tmCNudHADFcHrp2jNXG2Da6GGB2NWxttV_mFZRKizPzjWAB097dAQheIt_l2vXyjjDErznNGlDQeJoWQxbV4V02jIUn3TKpZ6F-kKYzIVAidKy-H1--sw9-1A== → 204 (100ms, ?B)
[2026-03-27T08:01:46.892Z] POST https://fundingchoicesmessages.google.com/el/AGSKWxXhstRnz8MP8WX93tmCNudHADFcHrp2jNXG2Da6GGB2NWxttV_mFZRKizPzjWAB097dAQheIt_l2vXyjjDErznNGlDQeJoWQxbV4V02jIUn3TKpZ6F-kKYzIVAidKy-H1--sw9-1A== → 204 (37ms, ?B)
[2026-03-27T08:01:46.893Z] GET https://fundingchoicesmessages.google.com/f/AGSKWxVhE1CwqE7OJ88qRoKUcHbcZoO8gyTl26obrpakgzb9G1RtyjU3O-W0IJtkYHdFq4aDmPZ-_cOOrGM3JeGPPA4xPUt0nXtoGfu9CjngxgeE4tWPS-EkLKTJD8CNCWgNsHKJsOOHZQ==?fccs=W251bGwsbnVsbCxudWxsLG51bGwsbnVsbCxudWxsLFsxNzc0NTk4NTA2LDg5MjAwMDAwMF0sbnVsbCxudWxsLG51bGwsW251bGwsWzcsOSw2XSxudWxsLDIsbnVsbCwiZW4iLG51bGwsbnVsbCxudWxsLG51bGwsbnVsbCwxXSwiaHR0cHM6Ly9lYWdsZXJjcmFmdC5jb20vcGxheS8iLG51bGwsW1s4LCJGOE12eFhXS1QySSJdLFs5LCJlbi1VUyJdLFsxOCwiW1tbbnVsbCw1MTEyXV1dIl0sWzE5LCIyIl0sWzE3LCJbMF0iXSxbMjQsIiJdLFsyOSwiZmFsc2UiXV1d → 200 (143ms, 3128B)
[2026-03-27T08:01:46.965Z] GET https://id5-sync.com/i/483/8.gif?o=api&id5id=ID5*BT4aNFiRxVDBc7Oe7ounz6uf9oq_zrOe7ounz6uf9or__2nGOWpaAQEBCmnGOWoAl-6p8SFcPreQgn-GPuZrXw&gdpr_consent=undefined&gdpr=false → 200 (160ms, 43B)
[2026-03-27T08:01:47.038Z] POST https://fundingchoicesmessages.google.com/el/AGSKWxVQvL78kIUbEoQNMCM9tCSM1P9fMsmeQHw2okQZeD05svHJsI-VSQKzn5h1aufHMz-Lve3x4DSe8xhP9G6sKW_QTnMlu9AhQou2LC4Ma9m7tPw50BxU7RBfRyU1b09-cNOSOqV1XA== → 204 (108ms, ?B)
[2026-03-27T08:01:47.061Z] GET https://ad-delivery.net/px.gif?ch=1&e=0.22387097866670103 → 200 (16ms, 43B)
[2026-03-27T08:01:47.262Z] GET https://ad-delivery.net/px.gif?ch=2&e=0.9243448743736029 → 200 (18ms, 43B)
[2026-03-27T08:01:47.338Z] GET https://ad.doubleclick.net/favicon.ico?ad=300x250&ad_box_=1&adnet=1&showad=1&size=250x250&e=0.5657835470983987 → pending (?ms, ?B)
[2026-03-27T08:01:47.419Z] GET https://script-api.ccgateway.net/1/userId → 200 (258ms, 446B)
[2026-03-27T08:01:47.419Z] GET https://script-api.ccgateway.net/script/launcher/2/user.js → 200 (258ms, 1611B)
[2026-03-27T08:01:47.419Z] GET https://script-api.ccgateway.net/script/launcher/1/customevents.js → 200 (258ms, 5130B)
[2026-03-27T08:01:47.419Z] GET https://script-api.ccgateway.net/script/launcher/6/api.js → 200 (259ms, 4602B)
[2026-03-27T08:01:47.595Z] POST https://cd836371f1d.cdn.intergient.com/fb87a4ea41 → 200 (146ms, ?B)
[2026-03-27T08:01:47.681Z] GET https://script-api.ccgateway.net/setUser?parent=5bb3e20859&site=eaglercraft.com&ccuid=efae0938-3c58-4f19-9df5-bb508dced742&ccsid=34ff5a31-1489-4861-a0a5-7ff49161db84 → 200 (242ms, ?B)
[2026-03-27T08:01:47.682Z] GET https://script-api.ccgateway.net/script/bundle?id=eaglercraft.com&parentId=5bb3e20859 → 200 (243ms, 16478B)
[2026-03-27T08:01:47.682Z] GET https://ad-delivery.net/px.gif?ch=2&e=0.8139927331998076 → 200 (20ms, 43B)
[2026-03-27T08:01:47.872Z] GET https://ad.doubleclick.net/favicon.ico?ad=300x250&ad_box_=1&adnet=1&showad=1&size=250x250&e=0.10318304871781647 → 200 (100ms, 1078B)
[2026-03-27T08:01:47.930Z] POST https://pb-ing-02.ccgateway.net/v1.0/parent/5bb3e20859/engagement/trigger/page_visit → pending (?ms, ?B)
[2026-03-27T08:01:47.930Z] GET https://sync.crwdcntrl.net/qmap?c=18513&tp=MGNI&tpid=efae0938-3c58-4f19-9df5-bb508dced742&d=https%3A%2F%2Fpb-ing-02.ccgateway.net%2Fv1.0%2Fparent%2F5bb3e20859%2Fengagement%2Ftrigger%2Fuser_sync%3Fsrc%3Dlotame%26puid%3D$%7Bprofile_id%7D%26id%3Deaglercraft.com%26parentId%3D5bb3e20859%26ccsid%3D34ff5a31-1489-4861-a0a5-7ff49161db84%26ccuid%3Defae0938-3c58-4f19-9df5-bb508dced742%26ccpt%3D0%26pvid%3Dc7bb2b93-64f3-4566-8241-701f0f72ba2d%26engid%3D78222463-b0ce-4b17-b503-dc99ab75d38d%26engcount%3D0%26engttl%3D60 → 302 (60ms, ?B)
[2026-03-27T08:01:47.991Z] GET https://pb-ing-02.ccgateway.net/v1.0/parent/5bb3e20859/engagement/trigger/user_sync?src=lotame&puid=a2abf36679fe5ed8a41031a8a040a847&id=eaglercraft.com&parentId=5bb3e20859&ccsid=34ff5a31-1489-4861-a0a5-7ff49161db84&ccuid=efae0938-3c58-4f19-9df5-bb508dced742&ccpt=0&pvid=c7bb2b93-64f3-4566-8241-701f0f72ba2d&engid=78222463-b0ce-4b17-b503-dc99ab75d38d&engcount=0&engttl=60 → pending (?ms, ?B)
[2026-03-27T08:01:48.103Z] GET https://ad-delivery.net/px.gif?ch=2&e=0.07879909979328736 → 200 (26ms, 43B)
[2026-03-27T08:01:48.372Z] GET https://ad.doubleclick.net/favicon.ico?ad=300x250&ad_box_=1&adnet=1&showad=1&size=250x250&e=0.954635384199653 → pending (?ms, ?B)
[2026-03-27T08:01:48.531Z] GET https://ad-delivery.net/px.gif?ch=2&e=0.40150123942614757 → 200 (17ms, 43B)
[2026-03-27T08:01:48.871Z] GET https://ad.doubleclick.net/favicon.ico?ad=300x250&ad_box_=1&adnet=1&showad=1&size=250x250&e=0.047946770616310364 → 200 (113ms, 1078B)
[2026-03-27T08:01:49.392Z] GET https://api.btloader.com/country?o=5150306120761344 → 200 (314ms, 37B)
[2026-03-27T08:01:49.393Z] POST https://api.btloader.com/pv?nlf=false&tid=wRsm4MomuE-27uxfEJL-9d2e504413&sid=AreE44gq-PfjIARAkzY-9d2e504413&cv=2.1.184-3-g2982370&upapi=true → 204 (318ms, ?B)
[2026-03-27T08:01:50.737Z] POST https://o4510030340161536.ingest.us.sentry.io/api/4510030341406720/envelope/?sentry_version=7&sentry_key=8a0e2c4f7bed17dd6624f93c305bf777&sentry_client=sentry.javascript.nextjs%2F10.28.0 → 429 (198ms, 198B)
[2026-03-27T08:01:50.798Z] GET https://ps.eyeota.net/pixel?e_rc=1&pid=m51mh00&t=ajs&uid=user_d5c42446-b2dd-4eae-be2e-76c0cd734613_1774598505263 → 200 (72ms, 1023B)
[2026-03-27T08:01:50.871Z] GET https://ib.adnxs.com/getuid?https%3A%2F%2Fps.eyeota.net%2Fmatch%3Fuid%3D%24UID%26bid%3D2cr76e1%26referrer_pid%3Dm51mh00 → pending (?ms, ?B)
[2026-03-27T08:01:50.871Z] GET https://ups.analytics.yahoo.com/ups/58773/cms?partner_id=Eyeot&gdpr=0&gdpr_consent= → pending (?ms, ?B)
[2026-03-27T08:01:50.871Z] GET https://eyeota-match.dotomi.com/match/bounce/current?networkId=41703&version=1&nuid=2Ih2j14r887Uvfi6GP7cL7AeI7OYyrwM9sa01qHJ2oKQ&gdpr=0&gdpr_consent= → pending (?ms, ?B)
[2026-03-27T08:01:50.871Z] GET https://sync.srv.stackadapt.com/sync?nid=eyeota → pending (?ms, ?B)
[2026-03-27T08:01:50.871Z] GET https://trc.taboola.com/sg/eyeota/1/cm → pending (?ms, ?B)
[2026-03-27T08:01:51.559Z] GET https://ups.analytics.yahoo.com/ups/58773/cms?partner_id=Eyeot&gdpr=0&gdpr_consent=&verify=true → 302 (251ms, ?B)
[2026-03-27T08:01:51.715Z] GET https://eyeota-match.dotomi.com/match/bounce/current?DotomiTest=16c9a747483820e4&is_secure=true&networkId=41703&version=1&nuid=2Ih2j14r887Uvfi6GP7cL7AeI7OYyrwM9sa01qHJ2oKQ&gdpr=0&gdpr_consent= → 302 (230ms, ?B)
[2026-03-27T08:01:51.810Z] GET https://ps.eyeota.net/match?bid=bhc9gd0&yahoo_ver=2&yahoo_id=y-AliUuRRE2pWHRbCrTcbmBBu83NiP.xdnJCg-~A&gdpr=0 → 200 (374ms, 70B)
[2026-03-27T08:01:51.946Z] GET https://ps.eyeota.net/match?bid=r8d1b20&uid=AQANJAOWkzGTwQII9nxcAQEBAQEBAQCcL1FdmgEBAJwvUV2a&expiration=1774684911&nuid=2Ih2j14r887Uvfi6GP7cL7AeI7OYyrwM9sa01qHJ2oKQ&is_secure=true&gdpr_consent=&gdpr=0 → pending (?ms, ?B)
[2026-03-27T08:01:52.617Z] GET https://ps.eyeota.net/match?bid=tpm4omv&uid=s5dz5UzGVNBMMBSOu4Q3_29dj34&gdpr=&gdpr_consent= → 200 (159ms, 70B)
[2026-03-27T08:01:55.591Z] POST https://translate.googleapis.com/element/log?format=json&hasfast=true&authuser=0 → 200 (350ms, 131B)
[2026-03-27T08:01:55.872Z] GET https://ps.eyeota.net/pixel?e_rc=2&pid=m51mh00&t=ajs&uid=user_d5c42446-b2dd-4eae-be2e-76c0cd734613_1774598505263 → 200 (66ms, 1207B)
[2026-03-27T08:01:55.939Z] GET https://d.turn.com/r/dd/id/L2NzaWQvMS9jaWQvMjg0NTA1NDYvdC8w/url/https://ps.eyeota.net/match?bid=1mpjpn0&turn_id=$!{TURN_UUID}&newuser=1&referrer_pid=m51mh00 → 302 (284ms, ?B)
[2026-03-27T08:01:55.940Z] GET https://crb.kargo.com/api/v1/dsync/Eyeota?gdpr=0&gdpr_consent=&r=https%3A%2F%2Fps.eyeota.net%2Fmatch%3Fbid%3D63ri0ru%26uid%3D%24UID → 200 (248ms, 43B)
[2026-03-27T08:01:55.940Z] GET https://cm.mgid.com/m?cdsp=737575&gdpr=0&gdpr_consent= → 307 (364ms, ?B)
[2026-03-27T08:01:55.941Z] GET https://dmp.brand-display.com/cm3/pixel?pid=0020&pinit=1&redir=https%3A%2F%2Fps.eyeota.net%2Fmatch%3Fbid%3D2ri0rg0%26uid%3D%7B%25%25KNX_USER_ID%25%25%7D → 302 (402ms, ?B)
[2026-03-27T08:01:55.941Z] GET https://pixel.tapad.com/idsync/ex/receive?partner_id=3081&partner_device_id=28GVRBgXsMM5UtYPQTYB3eQhFb_dXNHU4NXQeFIidiXk → 302 (258ms, ?B)
[2026-03-27T08:01:56.200Z] GET https://pixel.tapad.com/idsync/ex/receive/check?partner_id=3081&partner_device_id=28GVRBgXsMM5UtYPQTYB3eQhFb_dXNHU4NXQeFIidiXk → 302 (131ms, ?B)
[2026-03-27T08:01:56.224Z] GET https://ps.eyeota.net/match?bid=1mpjpn0&turn_id=7207041901954658519&newuser=1&referrer_pid=m51mh00 → 200 (49ms, 70B)
[2026-03-27T08:01:56.304Z] GET https://cm.mgid.com/m?cdsp=737575&gdpr=0&gdpr_consent=&sct=1 → pending (?ms, ?B)
[2026-03-27T08:01:56.331Z] GET https://match.adsrvr.org/track/cmf/generic?ttd_pid=tapad&ttd_tpi=1&ttd_puid=793038d3-f53d-44b6-9b7d-5a70be56a0e3%252C%252C&gdpr=0&gdpr_consent= → 302 (50ms, ?B)
[2026-03-27T08:01:56.343Z] GET https://ps.eyeota.net/match?bid=2ri0rg0&uid={74b40e6b-1c2d-cee1-20f38e56} → pending (?ms, ?B)
[2026-03-27T08:01:56.381Z] GET https://pixel.tapad.com/idsync/ex/receive?partner_id=1830&partner_device_id=23b7a75a-26c1-4a93-ae4a-8e17e744a147&ttd_puid=793038d3-f53d-44b6-9b7d-5a70be56a0e3%2C%2C → pending (?ms, ?B)
[2026-03-27T08:01:56.486Z] GET https://ps.eyeota.net/match?bid=dn2m51u&uid=q2rU1MwFPW11&gdpr=0&gdpr_consent= → 302 (46ms, ?B)
[2026-03-27T08:01:56.532Z] GET https://ml314.com/utsync.ashx?eid=50052&et=0&fp=2Hb3uZZEFREm6pH7pk_GU8ldpgvn4tgtzFD11RT1VWB4&gdpr=0&gdpr_consent=&return=https%3A%2F%2Fps.eyeota.net%2Fmatch%3Fbid%3Dr8hrb20%26uid%3Dnil%26dc_rc%3D1%26dc_mr%3D5%26dc_orig%3Ddn2m51u%26 → 302 (281ms, ?B)
[2026-03-27T08:01:56.813Z] GET https://ps.eyeota.net/match?bid=r8hrb20&uid=nil&dc_rc=1&dc_mr=5&dc_orig=dn2m51u& → 302 (50ms, ?B)
[2026-03-27T08:01:56.863Z] GET https://aa.agkn.com/adscores/g.pixel?sid=9202273308&_puid=2QtHn4c-3ULzc9Q2ZEYgBBHY-Iyxyzj5gi8HPKcWEkME&_redir=https%3A%2F%2Fps.eyeota.net%2Fmatch%3Fbid%3Dc9gd69u%26dc_rc%3D2%26dc_mr%3D5%26dc_orig%3Ddn2m51u%26%26uid%3D → 200 (343ms, ?B)
[2026-03-27T08:02:00.934Z] GET https://ps.eyeota.net/pixel?e_rc=3&pid=m51mh00&t=ajs&uid=user_d5c42446-b2dd-4eae-be2e-76c0cd734613_1774598505263 → 200 (61ms, 1183B)
[2026-03-27T08:02:00.996Z] GET https://d.adroll.com/cm/eyeota/out?adroll_fpc=49d7bb7485d52b1269993aa7742af3b7-1764864619617&pv=10427189711.868828&arrfrr=https%3A%2F%2Fwww.adroll.com%2Fhome-b&advertisable=VMYZUWPHFRH37EAOEU2EQS → 200 (227ms, 42B)
[2026-03-27T08:02:00.996Z] GET https://image6.pubmatic.com/AdServer/UCookieSetPug?gdpr=0&gdpr_consent=&rd=https%3A%2F%2Fps.eyeota.net%2Fmatch%3Fbid%3D7ri0rgu%26uid%3D%23PM_USER_ID → 302 (217ms, ?B)
[2026-03-27T08:02:00.996Z] GET https://p.rfihub.com/cm?pub=24472&in=1 → pending (?ms, ?B)
[2026-03-27T08:02:00.996Z] GET https://aax-eu.amazon-adsystem.com/s/dcm?pid=c6bb7522-4cd5-42d1-af75-d5601093ef1c&id=214J5uf6AOWANn8_mjIkOrWaRMK9fJN_pk2308VOH7_A → pending (?ms, ?B)
[2026-03-27T08:02:00.996Z] GET https://sync.inmobi.com/setuid?bidderID=120&gdpr=0&gdpr_consent=&dspUserId={UUID_d9gd6cu} → pending (?ms, ?B)
[2026-03-27T08:02:01.213Z] GET https://image6.pubmatic.com/AdServer/UCookieSetPug?gdpr=0&gdpr_consent=&rd=https%3A%2F%2Fps.eyeota.net%2Fmatch%3Fbid%3D7ri0rgu%26uid%3D%23PM_USER_ID&rdf=1 → 302 (48ms, ?B)
[2026-03-27T08:02:01.261Z] GET https://ps.eyeota.net/match?bid=7ri0rgu&uid=6B750BA3-0B3F-45AB-A7A2-EE1C669AFD95 → 200 (48ms, 70B)
[2026-03-27T08:02:01.510Z] GET https://aax-eu.amazon-adsystem.com/s/dcm?pid=c6bb7522-4cd5-42d1-af75-d5601093ef1c&id=214J5uf6AOWANn8_mjIkOrWaRMK9fJN_pk2308VOH7_A&dcc=t → 200 (301ms, 43B)
[2026-03-27T08:02:01.768Z] GET https://sync.inmobi.com/sync?redirect=https%3A%2F%2Fs.amazon-adsystem.com%2Fecm3%3Fex%3Dinmobi.com%26id%3D%7BID5UID%7D&gdpr_consent=&gdpr=0&us_privacy=&gdpr_pd=&source=7&google_push=&retry= → 302 (241ms, ?B)
[2026-03-27T08:02:01.846Z] GET https://ps.eyeota.net/match?uid=1974054419345632094&bid=omt9pi0 → 200 (54ms, 70B)
[2026-03-27T08:02:02.009Z] GET https://sync.inmobi.com/sync?redirect=https%3A%2F%2Fs.amazon-adsystem.com%2Fecm3%3Fex%3Dinmobi.com%26id%3D%7BID5UID%7D&gdpr_consent=&gdpr=0&us_privacy=&gdpr_pd=&source=7&google_push=&retry=true → 302 (245ms, ?B)
[2026-03-27T08:02:02.255Z] GET https://s.amazon-adsystem.com/ecm3?ex=inmobi.com&id=ID5-7-247ddd7f-8611-4568-a5bd-0f740f46e3f0 → pending (?ms, ?B)
[2026-03-27T08:02:05.990Z] GET https://ps.eyeota.net/pixel?e_rc=4&pid=m51mh00&t=ajs&uid=user_d5c42446-b2dd-4eae-be2e-76c0cd734613_1774598505263 → 200 (59ms, 1103B)
[2026-03-27T08:02:06.050Z] GET https://token.rubiconproject.com/token?pid=60638&puid={UUID_4o6u3ru}&gdpr=0&gdpr_consent= → 204 (288ms, ?B)
[2026-03-27T08:02:06.050Z] GET https://us-u.openx.net/w/1.0/cm?id=88ac251c-9033-4f80-bd90-047bfa961ab6&gdpr=0&gdpr_consent=&r=https%3A%2F%2Fps.eyeota.net%2Fmatch%3Fbid%3Db2c3gm1%26uid%3D%7BOPENX_ID%7D → 302 (155ms, ?B)
[2026-03-27T08:02:06.050Z] GET https://ce.lijit.com/merge?pid=5039&3pid=2G3o5GVmgP_O0dTCMNnNRNaIMiWVTd0f70vrn6Sn1eb4 → pending (?ms, ?B)
[2026-03-27T08:02:06.050Z] GET https://um.simpli.fi/eyeota → pending (?ms, ?B)
[2026-03-27T08:02:06.050Z] GET https://fei.pro-market.net/engine?du=45;csync=di;site=161317;size=1x1;mimetype=img;redir=$https%3A%2F%2Fps.eyeota.net%2Fmatch%3Fbid%3D6ndb2cv%26uid%3D$ → pending (?ms, ?B)
[2026-03-27T08:02:06.205Z] GET https://us-u.openx.net/w/1.0/cm?cc=1&id=88ac251c-9033-4f80-bd90-047bfa961ab6&gdpr=0&gdpr_consent=&r=https%3A%2F%2Fps.eyeota.net%2Fmatch%3Fbid%3Db2c3gm1%26uid%3D%7BOPENX_ID%7D → 302 (36ms, ?B)
[2026-03-27T08:02:06.241Z] GET https://ps.eyeota.net/match?bid=b2c3gm1&uid=7d58baa4-bc99-417d-8ec4-6297fadc9c23 → 302 (57ms, ?B)
[2026-03-27T08:02:06.298Z] GET https://secure.insightexpressai.com/adserver/cookiesync?CookieSyncPartnerId=2&CookieSyncId=2NunmZn6-CyRMmiUUJpnNNb_wXrwQoIXC2DZQlv7RZP4&Country=IN&redir=https%3A%2F%2Fps.eyeota.net%2Fmatch%3Fbid%3Dr852b20%26uid%3Dnil%26dc_rc%3D1%26dc_mr%3D5%26dc_orig%3Db2c3gm1%26 → pending (?ms, ?B)
[2026-03-27T08:02:06.463Z] GET https://fei.pro-market.net/engine?du=45;csync=di;site=161317;size=1x1;mimetype=img;redir=$https%3A%2F%2Fps.eyeota.net%2Fmatch%3Fbid%3D6ndb2cv%26uid%3D$;sr → 302 (309ms, ?B)
[2026-03-27T08:02:06.471Z] GET https://ps.eyeota.net/match?bid=r852b20&uid=nil&dc_rc=1&dc_mr=5&dc_orig=b2c3gm1& → 302 (51ms, ?B)
[2026-03-27T08:02:06.523Z] GET https://eyeota.ck-ie.com/vdm677.gif?gdpr=%7BGDPR%7D&gdpr_consent=%7BGDPR_CONSENT%7D&redir=https://ps.eyeota.net/match?bid=4o6e2ru&uid=%7B$UID%7D → pending (?ms, ?B)
[2026-03-27T08:02:06.772Z] GET https://ps.eyeota.net/match?bid=6ndb2cv&uid=-4608868793605666686 → 302 (51ms, ?B)
[2026-03-27T08:02:06.814Z] GET https://ps.eyeota.net/match?bid=irm51m1&uid=39A10AEC62F34447AF533177A1638B82 → 302 (53ms, ?B)
[2026-03-27T08:02:06.823Z] GET https://thrtle.com/insync?vxii_pid=10005&vxii_pdid=23c9a1499jNlC0_JpA09ZVwThN7TxQ_qiohJLBsizxN8 → pending (?ms, ?B)
[2026-03-27T08:02:06.857Z] GET https://ce.lijit.com/merge?pid=5039&3pid=2G3o5GVmgP_O0dTCMNnNRNaIMiWVTd0f70vrn6Sn1eb4&dnr=1 → 200 (240ms, 43B)
[2026-03-27T08:02:06.867Z] GET https://aorta.clickagy.com/pixel.gif?ch=150&cm=2x8XsI8okUZ8rVlb0FTxh1LDYug2VlQMlDKOw1OiNWhs → pending (?ms, ?B)
[2026-03-27T08:02:07.735Z] GET https://thrtle.com/insync?vxii_pdid=23c9a1499jNlC0_JpA09ZVwThN7TxQ_qiohJLBsizxN8&vxii_pid=12&vxii_pid1=10005&vxii_rcid=8ac9472f-c2fb-4131-91ed-302713499c6d → 200 (286ms, 43B)
[2026-03-27T08:02:11.047Z] GET https://ps.eyeota.net/pixel?e_rc=5&pid=m51mh00&t=ajs&uid=user_d5c42446-b2dd-4eae-be2e-76c0cd734613_1774598505263 → 200 (71ms, 2797B)
[2026-03-27T08:02:11.120Z] GET https://sync.sharethis.com/eyeota?uid=2TB4NUTVCyrcn5BI4JwVcQvScv_bsA7UV7-TdaLRFPlM&gdpr=0&gdpr_consent= → pending (?ms, ?B)
[2026-03-27T08:02:11.120Z] GET https://i.liadm.com/s/59742?bidder_id=220889&bidder_uuid=2RWDSdRuUpCcgiOpDlZvoPbgr9UnoR0IH24KvnA-Jv40 → pending (?ms, ?B)
[2026-03-27T08:02:11.120Z] GET https://static.aroa.io/sync/sync.php?eyeid=2P5uxqbdkNf-CVGzK_9MDvg0X-Lwg1BlNX0aCiKWrcis → pending (?ms, ?B)
[2026-03-27T08:02:11.619Z] GET https://d2qlq4kdetaeuz.cloudfront.net/eyewise-id-module/eyewise-id-module-cookies-consent.js?token=dGVzdHRva2VuOg== → 200 (159ms, 203128B)
[2026-03-27T08:02:11.794Z] POST https://id5-sync.com/api/config/prebid → 200 (532ms, 167B)
[2026-03-27T08:02:12.327Z] GET https://lb.eu-1-id5-sync.com/lb/v1 → pending (?ms, ?B)
[2026-03-27T08:02:12.867Z] POST https://id5-sync.com/g/v2/123.json → 200 (502ms, 1031B)
[2026-03-27T08:02:13.371Z] GET https://ps.eyeota.net/cross-device-match?gd_type=prebid&g_data=eyJvcmdJZCI6Im9pMHJlYXYiLCJpZHMiOlt7ImlkIjoiSUQ1Ki01RmF3S1ktaGFRXzNQTnFFQ1RuTzFVd3RuNUJZZk5xRUNUbk8xVXd0bjdfXzJuR09ZVmFBUUVCQ21uR09Xb0FsLTdhNTh4TGVsbFZwT2s1dXZvcUdBIiwiaWRUeXBlIjoiSUQ1X1VOSVZFUlNBTF9JRCJ9XSwibGF0ZW5jeSI6MTU5M30= → pending (?ms, ?B)
[2026-03-27T08:02:16.121Z] GET https://ps.eyeota.net/pixel?e_rc=6&pid=m51mh00&t=ajs&uid=user_d5c42446-b2dd-4eae-be2e-76c0cd734613_1774598505263 → 200 (52ms, 128B)
[2026-03-27T08:02:16.174Z] GET https://visitor.fiftyt.com/p.gif?ev=sync&bstep=2&p=ey&uid=2Ne5nQZnfM9H82gshx2rNKSkcR3m2RcE9EH5hqV6y2bY → pending (?ms, ?B)
[2026-03-27T08:31:45.963Z] POST https://cd836371f1d.cdn.intergient.com/fb87a4ea41 → pending (?ms, ?B)
